<?xml version="1.0" encoding="utf-8"?><testsuites name="pytest tests"><testsuite name="pytest" errors="0" failures="0" skipped="0" tests="6" time="2.015" timestamp="2026-06-14T03:19:23.015029+00:00" hostname="agent-env-89bbf26d-5b6a-4ff7-9739-4f45e6ca63d4"><testcase classname="backend.tests.test_seldaesthetic" name="test_root" time="0.289" /><testcase classname="backend.tests.test_seldaesthetic" name="test_admin_login_wrong" time="0.048" /><testcase classname="backend.tests.test_seldaesthetic" name="test_admin_login_correct" time="0.052" /><testcase classname="backend.tests.test_seldaesthetic" name="test_offers_crud" time="0.372" /><testcase classname="backend.tests.test_seldaesthetic" name="test_loyalty_flow" time="0.736" /><testcase classname="backend.tests.test_seldaesthetic" name="test_loyalty_stamp_creates_new" time="0.056" /></testsuite></testsuites>