<?xml version="1.0" encoding="utf-8"?><testsuites name="pytest tests"><testsuite name="pytest" errors="0" failures="0" skipped="0" tests="12" time="5.017" timestamp="2026-06-14T03:36:39.085000+00:00" hostname="agent-env-89bbf26d-5b6a-4ff7-9739-4f45e6ca63d4"><testcase classname="backend.tests.test_seldaesthetic" name="test_root" time="0.373" /><testcase classname="backend.tests.test_seldaesthetic" name="test_admin_login_wrong" time="0.056" /><testcase classname="backend.tests.test_seldaesthetic" name="test_admin_login_correct_returns_token" time="0.075" /><testcase classname="backend.tests.test_seldaesthetic" name="test_admin_verify_with_token" time="0.133" /><testcase classname="backend.tests.test_seldaesthetic" name="test_auth_enforcement_no_token" time="0.480" /><testcase classname="backend.tests.test_seldaesthetic" name="test_auth_enforcement_invalid_token" time="0.100" /><testcase classname="backend.tests.test_seldaesthetic" name="test_offers_crud" time="0.329" /><testcase classname="backend.tests.test_seldaesthetic" name="test_loyalty_milestones_and_reset" time="0.874" /><testcase classname="backend.tests.test_seldaesthetic" name="test_admin_loyalty_list_and_history" time="0.484" /><testcase classname="backend.tests.test_seldaesthetic" name="test_upload_rejects_non_image" time="0.096" /><testcase classname="backend.tests.test_seldaesthetic" name="test_upload_image_success_and_download" time="1.008" /><testcase classname="backend.tests.test_seldaesthetic" name="test_upload_too_large" time="0.526" /></testsuite></testsuites>